[debug] [2026-06-24T19:46:47.956Z] [Firebase Plugin] Activating Firebase extension.
[debug] [2026-06-24T19:46:49.142Z] [Firebase Plugin] requireAuthWrapper
[debug] [2026-06-24T19:46:49.149Z] > command requires scopes: ["email","openid","https://www.googleapis.com/auth/cloudplatformprojects.readonly","https://www.googleapis.com/auth/firebase","https://www.googleapis.com/auth/cloud-platform"]
[debug] [2026-06-24T19:46:49.149Z] > authorizing via signed-in user (fpdegasperi@gmail.com)
[debug] [2026-06-24T19:46:49.152Z] Checked if tokens are valid: true, expires at: 1782331437052
[debug] [2026-06-24T19:46:49.153Z] Checked if tokens are valid: true, expires at: 1782331437052
[debug] [2026-06-24T19:46:49.153Z] [Firebase Plugin] User found:  fpdegasperi@gmail.com
[info] [Firebase Plugin] (Core:Project) New user detected, fetching projects
[debug] [2026-06-24T19:46:49.157Z] Checked if tokens are valid: true, expires at: 1782331437052
[debug] [2026-06-24T19:46:49.158Z] >>> [apiv2][query] GET https://firebase.googleapis.com/v1beta1/projects pageSize=1000
[debug] [2026-06-24T19:46:49.173Z] [Firebase Plugin] VSCode notification server listening on port 40001
[info] [Firebase Plugin] Starting SQL Connect toolkit (version 3.4.11) on port 50001
[debug] [2026-06-24T19:46:52.934Z] 'fdc build' failed with error: Unable to build your SQL Connect schema and connectors (exit code 1): E0624 16:46:52.920130   23144 cmd.go:43] Error loading data connect config: could not find dataconnect.yaml in `c:\Users\usr13261\Desktop\Projetos - Cronogramas\Events_NeoOrtho_Medartis\dataconnect`
 {"metadata":{"emulator":{"name":"dataconnect"},"message":"'fdc build' failed with error: Unable to build your SQL Connect schema and connectors (exit code 1): E0624 16:46:52.920130   23144 cmd.go:43] Error loading data connect config: could not find dataconnect.yaml in `c:\\Users\\usr13261\\Desktop\\Projetos - Cronogramas\\Events_NeoOrtho_Medartis\\dataconnect`\n"}}
[debug] [2026-06-24T19:46:52.935Z] Ignoring unsupported arg: auto_download {"metadata":{"emulator":{"name":"dataconnect"},"message":"Ignoring unsupported arg: auto_download"}}
[debug] [2026-06-24T19:46:52.935Z] Ignoring unsupported arg: port {"metadata":{"emulator":{"name":"dataconnect"},"message":"Ignoring unsupported arg: port"}}
[debug] [2026-06-24T19:46:52.935Z] Starting SQL Connect Emulator with command {"binary":"C:\\Users\\usr13261\\.cache\\firebase\\emulators\\dataconnect-emulator-3.4.11.exe","args":["--logtostderr","-v=2","dev","--listen=localhost:50001","--config_dir=c:\\Users\\usr13261\\Desktop\\Projetos - Cronogramas\\Events_NeoOrtho_Medartis\\dataconnect","--enable_output_schema_extensions=true","--enable_output_generated_sdk=true"],"optionalArgs":["listen","config_dir","enable_output_schema_extensions","enable_output_generated_sdk"],"joinArgs":true,"shell":false,"port":9399} {"metadata":{"emulator":{"name":"dataconnect"},"message":"Starting SQL Connect Emulator with command {\"binary\":\"C:\\\\Users\\\\usr13261\\\\.cache\\\\firebase\\\\emulators\\\\dataconnect-emulator-3.4.11.exe\",\"args\":[\"--logtostderr\",\"-v=2\",\"dev\",\"--listen=localhost:50001\",\"--config_dir=c:\\\\Users\\\\usr13261\\\\Desktop\\\\Projetos - Cronogramas\\\\Events_NeoOrtho_Medartis\\\\dataconnect\",\"--enable_output_schema_extensions=true\",\"--enable_output_generated_sdk=true\"],\"optionalArgs\":[\"listen\",\"config_dir\",\"enable_output_schema_extensions\",\"enable_output_generated_sdk\"],\"joinArgs\":true,\"shell\":false,\"port\":9399}"}}
[info] i  dataconnect: SQL Connect Emulator logging to dataconnect-debug.log {"metadata":{"emulator":{"name":"dataconnect"},"message":"SQL Connect Emulator logging to \u001b[1mdataconnect-debug.log\u001b[22m"}}
[debug] [2026-06-24T19:46:53.168Z] E0624 16:46:53.084585    5780 dev.go:83] Failed to load initial config from "c:\\Users\\usr13261\\Desktop\\Projetos - Cronogramas\\Events_NeoOrtho_Medartis\\dataconnect": could not find dataconnect.yaml in `c:\Users\usr13261\Desktop\Projetos - Cronogramas\Events_NeoOrtho_Medartis\dataconnect`
E0624 16:46:53.101091    5780 watch.go:116] watchAllDir unable to walk dir `c:\Users\usr13261\Desktop\Projetos - Cronogramas\Events_NeoOrtho_Medartis\dataconnect`: GetFileAttributesEx c:\Users\usr13261\Desktop\Projetos - Cronogramas\Events_NeoOrtho_Medartis\dataconnect: The system cannot find the file specified.
I0624 16:46:53.118226    5780 dev.go:104] Listening on address (HTTP + gRPC): 127.0.0.1:50001
 {"metadata":{"emulator":{"name":"dataconnect"},"message":"E0624 16:46:53.084585    5780 dev.go:83] Failed to load initial config from \"c:\\\\Users\\\\usr13261\\\\Desktop\\\\Projetos - Cronogramas\\\\Events_NeoOrtho_Medartis\\\\dataconnect\": could not find dataconnect.yaml in `c:\\Users\\usr13261\\Desktop\\Projetos - Cronogramas\\Events_NeoOrtho_Medartis\\dataconnect`\nE0624 16:46:53.101091    5780 watch.go:116] watchAllDir unable to walk dir `c:\\Users\\usr13261\\Desktop\\Projetos - Cronogramas\\Events_NeoOrtho_Medartis\\dataconnect`: GetFileAttributesEx c:\\Users\\usr13261\\Desktop\\Projetos - Cronogramas\\Events_NeoOrtho_Medartis\\dataconnect: The system cannot find the file specified.\nI0624 16:46:53.118226    5780 dev.go:104] Listening on address (HTTP + gRPC): 127.0.0.1:50001\n"}}
[debug] [2026-06-24T19:46:54.614Z] <<< [apiv2][status] GET https://firebase.googleapis.com/v1beta1/projects 200
[debug] [2026-06-24T19:46:54.615Z] <<< [apiv2][body] GET https://firebase.googleapis.com/v1beta1/projects [omitted]
[error] [Firebase Plugin] error:  {}
[debug] [2026-06-24T19:47:03.102Z] E0624 16:47:03.101909    5780 watch.go:40] Failed to load config from "c:\\Users\\usr13261\\Desktop\\Projetos - Cronogramas\\Events_NeoOrtho_Medartis\\dataconnect": could not find dataconnect.yaml in `c:\Users\usr13261\Desktop\Projetos - Cronogramas\Events_NeoOrtho_Medartis\dataconnect`
 {"metadata":{"emulator":{"name":"dataconnect"},"message":"E0624 16:47:03.101909    5780 watch.go:40] Failed to load config from \"c:\\\\Users\\\\usr13261\\\\Desktop\\\\Projetos - Cronogramas\\\\Events_NeoOrtho_Medartis\\\\dataconnect\": could not find dataconnect.yaml in `c:\\Users\\usr13261\\Desktop\\Projetos - Cronogramas\\Events_NeoOrtho_Medartis\\dataconnect`\n"}}
